#! /c/Source/iverilog-install/bin/vvp
:ivl_version "12.0 (devel)" "(s20150603-1539-g2693dd32b)";
:ivl_delay_selection "TYPICAL";
:vpi_time_precision + 0;
:vpi_module "D:\iverilog\lib\ivl\system.vpi";
:vpi_module "D:\iverilog\lib\ivl\vhdl_sys.vpi";
:vpi_module "D:\iverilog\lib\ivl\vhdl_textio.vpi";
:vpi_module "D:\iverilog\lib\ivl\v2005_math.vpi";
:vpi_module "D:\iverilog\lib\ivl\va_math.vpi";
S_0000012237c16930 .scope module, "x74121" "x74121" 2 1;
 .timescale 0 0;
    .port_info 0 /INPUT 1 "A";
    .port_info 1 /INPUT 1 "B";
    .port_info 2 /OUTPUT 1 "Q";
o0000012237b06fd8 .functor BUFZ 1, C4<z>; HiZ drive
v0000012237c17110_0 .net "A", 0 0, o0000012237b06fd8;  0 drivers
o0000012237b07008 .functor BUFZ 1, C4<z>; HiZ drive
v0000012237c1bdf0_0 .net "B", 0 0, o0000012237b07008;  0 drivers
v0000012237c1be90_0 .var "Q", 0 0;
v0000012237c1bf30_0 .var "count", 15 0;
v0000012237c16ac0_0 .var "triggered", 0 0;
E_0000012237c1c570 .event anyedge, v0000012237c1bdf0_0, v0000012237c17110_0;
    .scope S_0000012237c16930;
T_0 ;
    %wait E_0000012237c1c570;
    %load/vec4 v0000012237c17110_0;
    %cmpi/e 1, 0, 1;
    %flag_get/vec4 4;
    %jmp/0 T_0.3, 4;
    %load/vec4 v0000012237c1bdf0_0;
    %pushi/vec4 0, 0, 1;
    %cmp/e;
    %flag_get/vec4 4;
    %and;
T_0.3;
    %flag_set/vec4 9;
    %flag_get/vec4 9;
    %jmp/0 T_0.2, 9;
    %load/vec4 v0000012237c16ac0_0;
    %nor/r;
    %and;
T_0.2;
    %flag_set/vec4 8;
    %jmp/0xz  T_0.0, 8;
    %pushi/vec4 1, 0, 1;
    %assign/vec4 v0000012237c16ac0_0, 0;
    %pushi/vec4 0, 0, 16;
    %assign/vec4 v0000012237c1bf30_0, 0;
    %pushi/vec4 0, 0, 1;
    %assign/vec4 v0000012237c1be90_0, 0;
    %jmp T_0.1;
T_0.0 ;
    %load/vec4 v0000012237c16ac0_0;
    %flag_set/vec4 8;
    %jmp/0xz  T_0.4, 8;
    %load/vec4 v0000012237c1bf30_0;
    %addi 1, 0, 16;
    %assign/vec4 v0000012237c1bf30_0, 0;
    %load/vec4 v0000012237c1bf30_0;
    %cmpi/e 500, 0, 16;
    %jmp/0xz  T_0.6, 4;
    %pushi/vec4 0, 0, 1;
    %assign/vec4 v0000012237c16ac0_0, 0;
    %pushi/vec4 1, 0, 1;
    %assign/vec4 v0000012237c1be90_0, 0;
    %jmp T_0.7;
T_0.6 ;
    %pushi/vec4 0, 0, 1;
    %assign/vec4 v0000012237c1be90_0, 0;
T_0.7 ;
    %jmp T_0.5;
T_0.4 ;
    %pushi/vec4 0, 0, 1;
    %assign/vec4 v0000012237c1be90_0, 0;
T_0.5 ;
T_0.1 ;
    %jmp T_0;
    .thread T_0, $push;
# The file index is used to find the file name in the following table.
:file_names 3;
    "N/A";
    "<interactive>";
    "x74121.v";
