#! /c/Source/iverilog-install/bin/vvp
:ivl_version "12.0 (devel)" "(s20150603-1539-g2693dd32b)";
:ivl_delay_selection "TYPICAL";
:vpi_time_precision - 12;
:vpi_module "D:\iverilog\lib\ivl\system.vpi";
:vpi_module "D:\iverilog\lib\ivl\vhdl_sys.vpi";
:vpi_module "D:\iverilog\lib\ivl\vhdl_textio.vpi";
:vpi_module "D:\iverilog\lib\ivl\v2005_math.vpi";
:vpi_module "D:\iverilog\lib\ivl\va_math.vpi";
S_000001fc439ca350 .scope module, "tb_x74121" "tb_x74121" 2 4;
 .timescale -9 -12;
v000001fc439c6ca0_0 .var "A", 0 0;
v000001fc439cb9d0_0 .var "B", 0 0;
v000001fc439cba70_0 .net "Q", 0 0, v000001fc439c6ac0_0;  1 drivers
S_000001fc439c6930 .scope module, "u_x74121" "x74121" 2 13, 3 1 0, S_000001fc439ca350;
 .timescale -9 -12;
    .port_info 0 /INPUT 1 "A";
    .port_info 1 /INPUT 1 "B";
    .port_info 2 /OUTPUT 1 "Q";
v000001fc439c7170_0 .net "A", 0 0, v000001fc439c6ca0_0;  1 drivers
v000001fc439ca4e0_0 .net "B", 0 0, v000001fc439cb9d0_0;  1 drivers
v000001fc439c6ac0_0 .var "Q", 0 0;
v000001fc439c6b60_0 .var "count", 15 0;
v000001fc439c6c00_0 .var "triggered", 0 0;
E_000001fc43a8a900 .event anyedge, v000001fc439ca4e0_0, v000001fc439c7170_0;
    .scope S_000001fc439c6930;
T_0 ;
    %wait E_000001fc43a8a900;
    %load/vec4 v000001fc439c7170_0;
    %cmpi/e 1, 0, 1;
    %flag_get/vec4 4;
    %jmp/0 T_0.3, 4;
    %load/vec4 v000001fc439ca4e0_0;
    %pushi/vec4 0, 0, 1;
    %cmp/e;
    %flag_get/vec4 4;
    %and;
T_0.3;
    %flag_set/vec4 9;
    %flag_get/vec4 9;
    %jmp/0 T_0.2, 9;
    %load/vec4 v000001fc439c6c00_0;
    %nor/r;
    %and;
T_0.2;
    %flag_set/vec4 8;
    %jmp/0xz  T_0.0, 8;
    %pushi/vec4 1, 0, 1;
    %assign/vec4 v000001fc439c6c00_0, 0;
    %pushi/vec4 0, 0, 16;
    %assign/vec4 v000001fc439c6b60_0, 0;
    %pushi/vec4 0, 0, 1;
    %assign/vec4 v000001fc439c6ac0_0, 0;
    %jmp T_0.1;
T_0.0 ;
    %load/vec4 v000001fc439c6c00_0;
    %flag_set/vec4 8;
    %jmp/0xz  T_0.4, 8;
    %load/vec4 v000001fc439c6b60_0;
    %addi 1, 0, 16;
    %assign/vec4 v000001fc439c6b60_0, 0;
    %load/vec4 v000001fc439c6b60_0;
    %cmpi/e 500, 0, 16;
    %jmp/0xz  T_0.6, 4;
    %pushi/vec4 0, 0, 1;
    %assign/vec4 v000001fc439c6c00_0, 0;
    %pushi/vec4 1, 0, 1;
    %assign/vec4 v000001fc439c6ac0_0, 0;
    %jmp T_0.7;
T_0.6 ;
    %pushi/vec4 0, 0, 1;
    %assign/vec4 v000001fc439c6ac0_0, 0;
T_0.7 ;
    %jmp T_0.5;
T_0.4 ;
    %pushi/vec4 0, 0, 1;
    %assign/vec4 v000001fc439c6ac0_0, 0;
T_0.5 ;
T_0.1 ;
    %jmp T_0;
    .thread T_0, $push;
    .scope S_000001fc439ca350;
T_1 ;
    %pushi/vec4 0, 0, 1;
    %store/vec4 v000001fc439c6ca0_0, 0, 1;
    %pushi/vec4 0, 0, 1;
    %store/vec4 v000001fc439cb9d0_0, 0, 1;
    %end;
    .thread T_1;
    .scope S_000001fc439ca350;
T_2 ;
    %vpi_call 2 21 "$monitor", $time, ":\011 A=%b, B=%b, Q=%b\012", v000001fc439c6ca0_0, v000001fc439cb9d0_0, v000001fc439cba70_0 {0 0 0};
    %end;
    .thread T_2;
    .scope S_000001fc439ca350;
T_3 ;
    %vpi_call 2 25 "$dumpfile", "x74121.vcd" {0 0 0};
    %vpi_call 2 26 "$dumpvars", 32'sb00000000000000000000000000000000, S_000001fc439c6930, v000001fc439c6ca0_0, v000001fc439cb9d0_0, v000001fc439cba70_0 {0 0 0};
    %pushi/vec4 0, 0, 1;
    %store/vec4 v000001fc439c6ca0_0, 0, 1;
    %pushi/vec4 0, 0, 1;
    %store/vec4 v000001fc439cb9d0_0, 0, 1;
    %delay 10000, 0;
    %pushi/vec4 1, 0, 1;
    %store/vec4 v000001fc439c6ca0_0, 0, 1;
    %delay 5000, 0;
    %pushi/vec4 0, 0, 1;
    %store/vec4 v000001fc439c6ca0_0, 0, 1;
    %delay 20000, 0;
    %pushi/vec4 1, 0, 1;
    %store/vec4 v000001fc439cb9d0_0, 0, 1;
    %delay 50000, 0;
    %pushi/vec4 0, 0, 1;
    %store/vec4 v000001fc439cb9d0_0, 0, 1;
    %delay 10000, 0;
    %pushi/vec4 1, 0, 1;
    %store/vec4 v000001fc439c6ca0_0, 0, 1;
    %delay 5000, 0;
    %pushi/vec4 0, 0, 1;
    %store/vec4 v000001fc439c6ca0_0, 0, 1;
    %delay 100000, 0;
    %vpi_call 2 44 "$finish" {0 0 0};
    %end;
    .thread T_3;
# The file index is used to find the file name in the following table.
:file_names 4;
    "N/A";
    "<interactive>";
    "x74121_tb.v";
    "./x74121.v";
