#! /c/Source/iverilog-install/bin/vvp
:ivl_version "12.0 (devel)" "(s20150603-1539-g2693dd32b)";
:ivl_delay_selection "TYPICAL";
:vpi_time_precision + 0;
:vpi_module "D:\iverilog\lib\ivl\system.vpi";
:vpi_module "D:\iverilog\lib\ivl\vhdl_sys.vpi";
:vpi_module "D:\iverilog\lib\ivl\vhdl_textio.vpi";
:vpi_module "D:\iverilog\lib\ivl\v2005_math.vpi";
:vpi_module "D:\iverilog\lib\ivl\va_math.vpi";
S_00000155832cbdf0 .scope module, "x74161" "x74161" 2 1;
 .timescale 0 0;
    .port_info 0 /INPUT 1 "CR";
    .port_info 1 /INPUT 1 "PE";
    .port_info 2 /INPUT 1 "CEP";
    .port_info 3 /INPUT 1 "CET";
    .port_info 4 /INPUT 1 "CP";
    .port_info 5 /INPUT 4 "D";
    .port_info 6 /OUTPUT 4 "Q";
    .port_info 7 /OUTPUT 1 "TC";
o0000015583386fb8 .functor BUFZ 1, C4<z>; HiZ drive
v0000015583352a50_0 .net "CEP", 0 0, o0000015583386fb8;  0 drivers
o0000015583386fe8 .functor BUFZ 1, C4<z>; HiZ drive
v0000015583352af0_0 .net "CET", 0 0, o0000015583386fe8;  0 drivers
o0000015583387018 .functor BUFZ 1, C4<z>; HiZ drive
v0000015583352b90_0 .net "CP", 0 0, o0000015583387018;  0 drivers
o0000015583387048 .functor BUFZ 1, C4<z>; HiZ drive
v0000015583352c30_0 .net "CR", 0 0, o0000015583387048;  0 drivers
o0000015583387078 .functor BUFZ 4, C4<zzzz>; HiZ drive
v0000015583352cd0_0 .net "D", 3 0, o0000015583387078;  0 drivers
o00000155833870a8 .functor BUFZ 1, C4<z>; HiZ drive
v0000015583352d70_0 .net "PE", 0 0, o00000155833870a8;  0 drivers
v00000155833c9c20_0 .var "Q", 3 0;
v00000155833c9cc0_0 .var "TC", 0 0;
E_00000155832cc7f0/0 .event negedge, v0000015583352c30_0;
E_00000155832cc7f0/1 .event posedge, v0000015583352b90_0;
E_00000155832cc7f0 .event/or E_00000155832cc7f0/0, E_00000155832cc7f0/1;
    .scope S_00000155832cbdf0;
T_0 ;
    %wait E_00000155832cc7f0;
    %load/vec4 v0000015583352c30_0;
    %inv;
    %flag_set/vec4 8;
    %jmp/0xz  T_0.0, 8;
    %pushi/vec4 15, 0, 4;
    %assign/vec4 v00000155833c9c20_0, 0;
    %pushi/vec4 0, 0, 1;
    %assign/vec4 v00000155833c9cc0_0, 0;
    %jmp T_0.1;
T_0.0 ;
    %load/vec4 v0000015583352d70_0;
    %inv;
    %flag_set/vec4 8;
    %jmp/0xz  T_0.2, 8;
    %load/vec4 v0000015583352cd0_0;
    %assign/vec4 v00000155833c9c20_0, 0;
    %jmp T_0.3;
T_0.2 ;
    %load/vec4 v0000015583352a50_0;
    %load/vec4 v0000015583352af0_0;
    %concat/vec4; draw_concat_vec4
    %dup/vec4;
    %pushi/vec4 1, 1, 2;
    %cmp/x;
    %jmp/1 T_0.4, 4;
    %dup/vec4;
    %pushi/vec4 2, 2, 2;
    %cmp/x;
    %jmp/1 T_0.5, 4;
    %dup/vec4;
    %pushi/vec4 3, 0, 2;
    %cmp/x;
    %jmp/1 T_0.6, 4;
    %jmp T_0.7;
T_0.4 ;
    %load/vec4 v00000155833c9c20_0;
    %assign/vec4 v00000155833c9c20_0, 0;
    %jmp T_0.7;
T_0.5 ;
    %load/vec4 v00000155833c9c20_0;
    %assign/vec4 v00000155833c9c20_0, 0;
    %pushi/vec4 0, 0, 1;
    %assign/vec4 v00000155833c9cc0_0, 0;
    %jmp T_0.7;
T_0.6 ;
    %load/vec4 v00000155833c9c20_0;
    %addi 1, 0, 4;
    %assign/vec4 v00000155833c9c20_0, 0;
    %load/vec4 v00000155833c9c20_0;
    %pushi/vec4 15, 0, 4;
    %cmp/e;
    %flag_get/vec4 4;
    %assign/vec4 v00000155833c9cc0_0, 0;
    %jmp T_0.7;
T_0.7 ;
    %pop/vec4 1;
T_0.3 ;
T_0.1 ;
    %jmp T_0;
    .thread T_0;
# The file index is used to find the file name in the following table.
:file_names 3;
    "N/A";
    "<interactive>";
    "x74161.v";
