#! /c/Source/iverilog-install/bin/vvp
:ivl_version "12.0 (devel)" "(s20150603-1539-g2693dd32b)";
:ivl_delay_selection "TYPICAL";
:vpi_time_precision - 12;
:vpi_module "D:\iverilog\lib\ivl\system.vpi";
:vpi_module "D:\iverilog\lib\ivl\vhdl_sys.vpi";
:vpi_module "D:\iverilog\lib\ivl\vhdl_textio.vpi";
:vpi_module "D:\iverilog\lib\ivl\v2005_math.vpi";
:vpi_module "D:\iverilog\lib\ivl\va_math.vpi";
S_000001c32c1f29c0 .scope module, "tb_x74161" "tb_x74161" 2 4;
 .timescale -9 -12;
v000001c32c2244f0_0 .var "CEP", 0 0;
v000001c32c224590_0 .var "CET", 0 0;
v000001c32c224630_0 .var "CP", 0 0;
v000001c32c2246d0_0 .var "CR", 0 0;
v000001c32c224770_0 .var "D", 3 0;
v000001c32c224810_0 .var "PE", 0 0;
v000001c32c2248b0_0 .net "Q", 3 0, v000001c32c2243b0_0;  1 drivers
v000001c32c27d580_0 .net "TC", 0 0, v000001c32c224450_0;  1 drivers
S_000001c32c1f2b50 .scope module, "u_x74161" "x74161" 2 18, 3 1 0, S_000001c32c1f29c0;
 .timescale -9 -12;
    .port_info 0 /INPUT 1 "CR";
    .port_info 1 /INPUT 1 "PE";
    .port_info 2 /INPUT 1 "CEP";
    .port_info 3 /INPUT 1 "CET";
    .port_info 4 /INPUT 1 "CP";
    .port_info 5 /INPUT 4 "D";
    .port_info 6 /OUTPUT 4 "Q";
    .port_info 7 /OUTPUT 1 "TC";
v000001c32c36bf10_0 .net "CEP", 0 0, v000001c32c2244f0_0;  1 drivers
v000001c32c216ac0_0 .net "CET", 0 0, v000001c32c224590_0;  1 drivers
v000001c32c1f2ce0_0 .net "CP", 0 0, v000001c32c224630_0;  1 drivers
v000001c32c1f2d80_0 .net "CR", 0 0, v000001c32c2246d0_0;  1 drivers
v000001c32c224270_0 .net "D", 3 0, v000001c32c224770_0;  1 drivers
v000001c32c224310_0 .net "PE", 0 0, v000001c32c224810_0;  1 drivers
v000001c32c2243b0_0 .var "Q", 3 0;
v000001c32c224450_0 .var "TC", 0 0;
E_000001c32c2187a0/0 .event negedge, v000001c32c1f2d80_0;
E_000001c32c2187a0/1 .event posedge, v000001c32c1f2ce0_0;
E_000001c32c2187a0 .event/or E_000001c32c2187a0/0, E_000001c32c2187a0/1;
    .scope S_000001c32c1f2b50;
T_0 ;
    %wait E_000001c32c2187a0;
    %load/vec4 v000001c32c1f2d80_0;
    %inv;
    %flag_set/vec4 8;
    %jmp/0xz  T_0.0, 8;
    %pushi/vec4 15, 0, 4;
    %assign/vec4 v000001c32c2243b0_0, 0;
    %pushi/vec4 0, 0, 1;
    %assign/vec4 v000001c32c224450_0, 0;
    %jmp T_0.1;
T_0.0 ;
    %load/vec4 v000001c32c224310_0;
    %inv;
    %flag_set/vec4 8;
    %jmp/0xz  T_0.2, 8;
    %load/vec4 v000001c32c224270_0;
    %assign/vec4 v000001c32c2243b0_0, 0;
    %jmp T_0.3;
T_0.2 ;
    %load/vec4 v000001c32c36bf10_0;
    %load/vec4 v000001c32c216ac0_0;
    %concat/vec4; draw_concat_vec4
    %dup/vec4;
    %pushi/vec4 1, 1, 2;
    %cmp/x;
    %jmp/1 T_0.4, 4;
    %dup/vec4;
    %pushi/vec4 2, 2, 2;
    %cmp/x;
    %jmp/1 T_0.5, 4;
    %dup/vec4;
    %pushi/vec4 3, 0, 2;
    %cmp/x;
    %jmp/1 T_0.6, 4;
    %jmp T_0.7;
T_0.4 ;
    %load/vec4 v000001c32c2243b0_0;
    %assign/vec4 v000001c32c2243b0_0, 0;
    %jmp T_0.7;
T_0.5 ;
    %load/vec4 v000001c32c2243b0_0;
    %assign/vec4 v000001c32c2243b0_0, 0;
    %pushi/vec4 0, 0, 1;
    %assign/vec4 v000001c32c224450_0, 0;
    %jmp T_0.7;
T_0.6 ;
    %load/vec4 v000001c32c2243b0_0;
    %addi 1, 0, 4;
    %assign/vec4 v000001c32c2243b0_0, 0;
    %load/vec4 v000001c32c2243b0_0;
    %pushi/vec4 15, 0, 4;
    %cmp/e;
    %flag_get/vec4 4;
    %assign/vec4 v000001c32c224450_0, 0;
    %jmp T_0.7;
T_0.7 ;
    %pop/vec4 1;
T_0.3 ;
T_0.1 ;
    %jmp T_0;
    .thread T_0;
    .scope S_000001c32c1f29c0;
T_1 ;
    %pushi/vec4 0, 0, 1;
    %store/vec4 v000001c32c2246d0_0, 0, 1;
    %pushi/vec4 0, 0, 1;
    %store/vec4 v000001c32c224810_0, 0, 1;
    %pushi/vec4 0, 0, 1;
    %store/vec4 v000001c32c2244f0_0, 0, 1;
    %pushi/vec4 0, 0, 1;
    %store/vec4 v000001c32c224590_0, 0, 1;
    %pushi/vec4 0, 0, 1;
    %store/vec4 v000001c32c224630_0, 0, 1;
    %pushi/vec4 0, 0, 4;
    %store/vec4 v000001c32c224770_0, 0, 4;
    %end;
    .thread T_1;
    .scope S_000001c32c1f29c0;
T_2 ;
    %vpi_call 2 31 "$monitor", $time, "\011CR=%b,PE=%b,CEP=%b,CET=%b,CP=%b,D=%b,Q=%b,TC=%b", v000001c32c2246d0_0, v000001c32c224810_0, v000001c32c2244f0_0, v000001c32c224590_0, v000001c32c224630_0, v000001c32c224770_0, v000001c32c2248b0_0, v000001c32c27d580_0 {0 0 0};
    %end;
    .thread T_2;
    .scope S_000001c32c1f29c0;
T_3 ;
    %pushi/vec4 1, 0, 1;
    %store/vec4 v000001c32c224630_0, 0, 1;
    %end;
    .thread T_3;
    .scope S_000001c32c1f29c0;
T_4 ;
    %delay 5000, 0;
    %load/vec4 v000001c32c224630_0;
    %inv;
    %store/vec4 v000001c32c224630_0, 0, 1;
    %jmp T_4;
    .thread T_4;
    .scope S_000001c32c1f29c0;
T_5 ;
    %vpi_call 2 40 "$dumpfile", "x74161.vcd" {0 0 0};
    %vpi_call 2 41 "$dumpvars", 32'sb00000000000000000000000000000000, S_000001c32c1f2b50, v000001c32c2246d0_0, v000001c32c224810_0, v000001c32c2244f0_0, v000001c32c224590_0, v000001c32c224630_0, v000001c32c224770_0, v000001c32c2248b0_0, v000001c32c27d580_0 {0 0 0};
    %pushi/vec4 0, 0, 1;
    %store/vec4 v000001c32c2246d0_0, 0, 1;
    %pushi/vec4 1, 0, 1;
    %store/vec4 v000001c32c224810_0, 0, 1;
    %pushi/vec4 12, 0, 4;
    %store/vec4 v000001c32c224770_0, 0, 4;
    %pushi/vec4 0, 0, 1;
    %store/vec4 v000001c32c224590_0, 0, 1;
    %pushi/vec4 0, 0, 1;
    %store/vec4 v000001c32c2244f0_0, 0, 1;
    %delay 5000, 0;
    %pushi/vec4 1, 0, 1;
    %store/vec4 v000001c32c2246d0_0, 0, 1;
    %pushi/vec4 0, 0, 1;
    %store/vec4 v000001c32c224810_0, 0, 1;
    %pushi/vec4 12, 0, 4;
    %store/vec4 v000001c32c224770_0, 0, 4;
    %pushi/vec4 0, 0, 1;
    %store/vec4 v000001c32c224590_0, 0, 1;
    %pushi/vec4 0, 0, 1;
    %store/vec4 v000001c32c2244f0_0, 0, 1;
    %delay 10000, 0;
    %pushi/vec4 1, 0, 1;
    %store/vec4 v000001c32c2246d0_0, 0, 1;
    %pushi/vec4 1, 0, 1;
    %store/vec4 v000001c32c224810_0, 0, 1;
    %pushi/vec4 0, 0, 4;
    %store/vec4 v000001c32c224770_0, 0, 4;
    %pushi/vec4 1, 0, 1;
    %store/vec4 v000001c32c224590_0, 0, 1;
    %pushi/vec4 1, 0, 1;
    %store/vec4 v000001c32c2244f0_0, 0, 1;
    %delay 60000, 0;
    %pushi/vec4 1, 0, 1;
    %store/vec4 v000001c32c2246d0_0, 0, 1;
    %pushi/vec4 1, 0, 1;
    %store/vec4 v000001c32c224810_0, 0, 1;
    %pushi/vec4 0, 0, 4;
    %store/vec4 v000001c32c224770_0, 0, 4;
    %pushi/vec4 1, 0, 1;
    %store/vec4 v000001c32c224590_0, 0, 1;
    %pushi/vec4 0, 0, 1;
    %store/vec4 v000001c32c2244f0_0, 0, 1;
    %delay 20000, 0;
    %vpi_call 2 54 "$finish" {0 0 0};
    %end;
    .thread T_5;
# The file index is used to find the file name in the following table.
:file_names 4;
    "N/A";
    "<interactive>";
    "x74161_tb.v";
    "./x74161.v";
