#! /c/Source/iverilog-install/bin/vvp
:ivl_version "12.0 (devel)" "(s20150603-1539-g2693dd32b)";
:ivl_delay_selection "TYPICAL";
:vpi_time_precision + 0;
:vpi_module "D:\iverilog\lib\ivl\system.vpi";
:vpi_module "D:\iverilog\lib\ivl\vhdl_sys.vpi";
:vpi_module "D:\iverilog\lib\ivl\vhdl_textio.vpi";
:vpi_module "D:\iverilog\lib\ivl\v2005_math.vpi";
:vpi_module "D:\iverilog\lib\ivl\va_math.vpi";
S_0000016c6abd29c0 .scope module, "x74151" "x74151" 2 1;
 .timescale 0 0;
    .port_info 0 /INPUT 1 "En";
    .port_info 1 /INPUT 3 "S";
    .port_info 2 /INPUT 8 "D";
    .port_info 3 /OUTPUT 1 "Y";
    .port_info 4 /OUTPUT 1 "Yn";
o0000016c6ac06fe8 .functor BUFZ 1, C4<z>; HiZ drive
L_0000016c6ac4bc18 .functor BUFT 1, C4<0>, C4<0>, C4<0>, C4<0>;
L_0000016c6abd2dd0 .functor XNOR 1, o0000016c6ac06fe8, L_0000016c6ac4bc18, C4<0>, C4<0>;
L_0000016c6ad1ac80 .functor NOT 1, L_0000016c6ad1e9c0, C4<0>, C4<0>, C4<0>;
o0000016c6ac06fb8 .functor BUFZ 8, C4<zzzzzzzz>; HiZ drive
v0000016c6ad1abe0_0 .net "D", 7 0, o0000016c6ac06fb8;  0 drivers
v0000016c6abd2b50_0 .net "En", 0 0, o0000016c6ac06fe8;  0 drivers
o0000016c6ac07018 .functor BUFZ 3, C4<zzz>; HiZ drive
v0000016c6abd2bf0_0 .net "S", 2 0, o0000016c6ac07018;  0 drivers
v0000016c6abd2c90_0 .net "Y", 0 0, L_0000016c6ad1e9c0;  1 drivers
v0000016c6abd2d30_0 .net "Yn", 0 0, L_0000016c6ad1ac80;  1 drivers
v0000016c6ad1e610_0 .net/2u *"_ivl_0", 0 0, L_0000016c6ac4bc18;  1 drivers
v0000016c6ad1e6b0_0 .net *"_ivl_2", 0 0, L_0000016c6abd2dd0;  1 drivers
v0000016c6ad1e750_0 .net *"_ivl_5", 0 0, L_0000016c6ad1e920;  1 drivers
L_0000016c6ac4bc60 .functor BUFT 1, C4<0>, C4<0>, C4<0>, C4<0>;
v0000016c6ad1e7f0_0 .net/2u *"_ivl_6", 0 0, L_0000016c6ac4bc60;  1 drivers
L_0000016c6ad1e920 .part/v o0000016c6ac06fb8, o0000016c6ac07018, 1;
L_0000016c6ad1e9c0 .functor MUXZ 1, L_0000016c6ac4bc60, L_0000016c6ad1e920, L_0000016c6abd2dd0, C4<>;
# The file index is used to find the file name in the following table.
:file_names 3;
    "N/A";
    "<interactive>";
    "x74151.v";
