#! /c/Source/iverilog-install/bin/vvp
:ivl_version "12.0 (devel)" "(s20150603-1539-g2693dd32b)";
:ivl_delay_selection "TYPICAL";
:vpi_time_precision - 12;
:vpi_module "D:\iverilog\lib\ivl\system.vpi";
:vpi_module "D:\iverilog\lib\ivl\vhdl_sys.vpi";
:vpi_module "D:\iverilog\lib\ivl\vhdl_textio.vpi";
:vpi_module "D:\iverilog\lib\ivl\v2005_math.vpi";
:vpi_module "D:\iverilog\lib\ivl\va_math.vpi";
S_000001b6d94329c0 .scope module, "tb_x74151" "tb_x74151" 2 4;
 .timescale -9 -12;
v000001b6d941bcb0_0 .var "D", 7 0;
v000001b6d941bd50_0 .var "En", 0 0;
v000001b6d94b6f60_0 .var "S", 2 0;
v000001b6d94b7460_0 .net "Y", 0 0, L_000001b6d94b7320;  1 drivers
v000001b6d94b6ce0_0 .net "Yn", 0 0, L_000001b6d9463ef0;  1 drivers
S_000001b6d9432b50 .scope module, "u_x74151" "x74151" 2 15, 3 1 0, S_000001b6d94329c0;
 .timescale -9 -12;
    .port_info 0 /INPUT 1 "En";
    .port_info 1 /INPUT 3 "S";
    .port_info 2 /INPUT 8 "D";
    .port_info 3 /OUTPUT 1 "Y";
    .port_info 4 /OUTPUT 1 "Yn";
L_000001b6d94b7848 .functor BUFT 1, C4<0>, C4<0>, C4<0>, C4<0>;
L_000001b6d94644a0 .functor XNOR 1, v000001b6d941bd50_0, L_000001b6d94b7848, C4<0>, C4<0>;
L_000001b6d9463ef0 .functor NOT 1, L_000001b6d94b7320, C4<0>, C4<0>, C4<0>;
v000001b6d941b560_0 .net "D", 7 0, v000001b6d941bcb0_0;  1 drivers
v000001b6d941b790_0 .net "En", 0 0, v000001b6d941bd50_0;  1 drivers
v000001b6d941b830_0 .net "S", 2 0, v000001b6d94b6f60_0;  1 drivers
v000001b6d9432ce0_0 .net "Y", 0 0, L_000001b6d94b7320;  alias, 1 drivers
v000001b6d9432d80_0 .net "Yn", 0 0, L_000001b6d9463ef0;  alias, 1 drivers
v000001b6d941ba30_0 .net/2u *"_ivl_0", 0 0, L_000001b6d94b7848;  1 drivers
v000001b6d941bad0_0 .net *"_ivl_2", 0 0, L_000001b6d94644a0;  1 drivers
v000001b6d941bb70_0 .net *"_ivl_5", 0 0, L_000001b6d94b7000;  1 drivers
L_000001b6d94b7890 .functor BUFT 1, C4<0>, C4<0>, C4<0>, C4<0>;
v000001b6d941bc10_0 .net/2u *"_ivl_6", 0 0, L_000001b6d94b7890;  1 drivers
L_000001b6d94b7000 .part/v v000001b6d941bcb0_0, v000001b6d94b6f60_0, 1;
L_000001b6d94b7320 .functor MUXZ 1, L_000001b6d94b7890, L_000001b6d94b7000, L_000001b6d94644a0, C4<>;
    .scope S_000001b6d94329c0;
T_0 ;
    %pushi/vec4 0, 0, 1;
    %store/vec4 v000001b6d941bd50_0, 0, 1;
    %pushi/vec4 0, 0, 3;
    %store/vec4 v000001b6d94b6f60_0, 0, 3;
    %pushi/vec4 0, 0, 8;
    %store/vec4 v000001b6d941bcb0_0, 0, 8;
    %end;
    .thread T_0;
    .scope S_000001b6d94329c0;
T_1 ;
    %vpi_call 2 25 "$monitor", $time, ":\011 D=%b, S=%b, En=%b, Y=%b, Yn=%b \012", v000001b6d941bcb0_0, v000001b6d94b6f60_0, v000001b6d941bd50_0, v000001b6d94b7460_0, v000001b6d94b6ce0_0 {0 0 0};
    %end;
    .thread T_1;
    .scope S_000001b6d94329c0;
T_2 ;
    %vpi_call 2 30 "$dumpfile", "x74151.vcd" {0 0 0};
    %vpi_call 2 31 "$dumpvars", 32'sb00000000000000000000000000000000, S_000001b6d9432b50, v000001b6d941bd50_0, v000001b6d94b6f60_0, v000001b6d941bcb0_0, v000001b6d94b7460_0, v000001b6d94b6ce0_0 {0 0 0};
    %pushi/vec4 1, 0, 1;
    %store/vec4 v000001b6d941bd50_0, 0, 1;
    %pushi/vec4 0, 0, 3;
    %store/vec4 v000001b6d94b6f60_0, 0, 3;
    %pushi/vec4 1, 0, 8;
    %store/vec4 v000001b6d941bcb0_0, 0, 8;
    %delay 5000, 0;
    %pushi/vec4 1, 0, 1;
    %store/vec4 v000001b6d941bd50_0, 0, 1;
    %pushi/vec4 1, 0, 3;
    %store/vec4 v000001b6d94b6f60_0, 0, 3;
    %pushi/vec4 2, 0, 8;
    %store/vec4 v000001b6d941bcb0_0, 0, 8;
    %delay 5000, 0;
    %pushi/vec4 0, 0, 1;
    %store/vec4 v000001b6d941bd50_0, 0, 1;
    %pushi/vec4 2, 0, 3;
    %store/vec4 v000001b6d94b6f60_0, 0, 3;
    %pushi/vec4 4, 0, 8;
    %store/vec4 v000001b6d941bcb0_0, 0, 8;
    %delay 5000, 0;
    %pushi/vec4 0, 0, 1;
    %store/vec4 v000001b6d941bd50_0, 0, 1;
    %pushi/vec4 3, 0, 3;
    %store/vec4 v000001b6d94b6f60_0, 0, 3;
    %pushi/vec4 8, 0, 8;
    %store/vec4 v000001b6d941bcb0_0, 0, 8;
    %delay 5000, 0;
    %pushi/vec4 0, 0, 1;
    %store/vec4 v000001b6d941bd50_0, 0, 1;
    %pushi/vec4 4, 0, 3;
    %store/vec4 v000001b6d94b6f60_0, 0, 3;
    %pushi/vec4 16, 0, 8;
    %store/vec4 v000001b6d941bcb0_0, 0, 8;
    %delay 5000, 0;
    %pushi/vec4 0, 0, 1;
    %store/vec4 v000001b6d941bd50_0, 0, 1;
    %pushi/vec4 5, 0, 3;
    %store/vec4 v000001b6d94b6f60_0, 0, 3;
    %pushi/vec4 32, 0, 8;
    %store/vec4 v000001b6d941bcb0_0, 0, 8;
    %delay 5000, 0;
    %vpi_call 2 46 "$stop" {0 0 0};
    %end;
    .thread T_2;
# The file index is used to find the file name in the following table.
:file_names 4;
    "N/A";
    "<interactive>";
    "x74151_tb.v";
    "./x74151.v";
