#! /c/Source/iverilog-install/bin/vvp
:ivl_version "12.0 (devel)" "(s20150603-1539-g2693dd32b)";
:ivl_delay_selection "TYPICAL";
:vpi_time_precision - 12;
:vpi_module "D:\iverilog\lib\ivl\system.vpi";
:vpi_module "D:\iverilog\lib\ivl\vhdl_sys.vpi";
:vpi_module "D:\iverilog\lib\ivl\vhdl_textio.vpi";
:vpi_module "D:\iverilog\lib\ivl\v2005_math.vpi";
:vpi_module "D:\iverilog\lib\ivl\va_math.vpi";
S_000001e6fe4829c0 .scope module, "tb_x74194" "tb_x74194" 2 4;
 .timescale -9 -12;
v000001e6fe4b10d0_0 .var "CP", 0 0;
v000001e6fe4b1170_0 .var "CR", 0 0;
v000001e6fe4b1210_0 .var "D", 3 0;
v000001e6fe4b1ac0_0 .var "DSL", 0 0;
v000001e6fe4b1b60_0 .var "DSR", 0 0;
v000001e6fe4b1c00_0 .net "Q", 3 0, v000001e6fe4b0f90_0;  1 drivers
v000001e6fe4b1ca0_0 .var "S", 1 0;
S_000001e6fe482b50 .scope module, "u_x74194" "x74194" 2 17, 3 1 0, S_000001e6fe4829c0;
 .timescale -9 -12;
    .port_info 0 /INPUT 1 "CR";
    .port_info 1 /INPUT 2 "S";
    .port_info 2 /INPUT 1 "DSR";
    .port_info 3 /INPUT 1 "DSL";
    .port_info 4 /INPUT 1 "CP";
    .port_info 5 /INPUT 4 "D";
    .port_info 6 /OUTPUT 4 "Q";
v000001e6fe5ab8a0_0 .net "CP", 0 0, v000001e6fe4b10d0_0;  1 drivers
v000001e6fe482ce0_0 .net "CR", 0 0, v000001e6fe4b1170_0;  1 drivers
v000001e6fe482d80_0 .net "D", 3 0, v000001e6fe4b1210_0;  1 drivers
v000001e6fe4b0e50_0 .net "DSL", 0 0, v000001e6fe4b1ac0_0;  1 drivers
v000001e6fe4b0ef0_0 .net "DSR", 0 0, v000001e6fe4b1b60_0;  1 drivers
v000001e6fe4b0f90_0 .var "Q", 3 0;
v000001e6fe4b1030_0 .net "S", 1 0, v000001e6fe4b1ca0_0;  1 drivers
E_000001e6fe4a5ea0/0 .event negedge, v000001e6fe482ce0_0;
E_000001e6fe4a5ea0/1 .event posedge, v000001e6fe5ab8a0_0;
E_000001e6fe4a5ea0 .event/or E_000001e6fe4a5ea0/0, E_000001e6fe4a5ea0/1;
    .scope S_000001e6fe482b50;
T_0 ;
    %wait E_000001e6fe4a5ea0;
    %load/vec4 v000001e6fe482ce0_0;
    %inv;
    %flag_set/vec4 8;
    %jmp/0xz  T_0.0, 8;
    %pushi/vec4 15, 0, 4;
    %assign/vec4 v000001e6fe4b0f90_0, 0;
    %jmp T_0.1;
T_0.0 ;
    %load/vec4 v000001e6fe4b1030_0;
    %dup/vec4;
    %pushi/vec4 0, 0, 2;
    %cmp/u;
    %jmp/1 T_0.2, 6;
    %dup/vec4;
    %pushi/vec4 1, 0, 2;
    %cmp/u;
    %jmp/1 T_0.3, 6;
    %dup/vec4;
    %pushi/vec4 2, 0, 2;
    %cmp/u;
    %jmp/1 T_0.4, 6;
    %dup/vec4;
    %pushi/vec4 3, 0, 2;
    %cmp/u;
    %jmp/1 T_0.5, 6;
    %jmp T_0.6;
T_0.2 ;
    %load/vec4 v000001e6fe482d80_0;
    %assign/vec4 v000001e6fe4b0f90_0, 0;
    %jmp T_0.6;
T_0.3 ;
    %load/vec4 v000001e6fe4b0f90_0;
    %ix/load 4, 1, 0;
    %flag_set/imm 4, 0;
    %shiftl 4;
    %assign/vec4 v000001e6fe4b0f90_0, 0;
    %jmp T_0.6;
T_0.4 ;
    %load/vec4 v000001e6fe4b0f90_0;
    %ix/load 4, 1, 0;
    %flag_set/imm 4, 0;
    %shiftr 4;
    %assign/vec4 v000001e6fe4b0f90_0, 0;
    %jmp T_0.6;
T_0.5 ;
    %pushi/vec4 0, 0, 4;
    %assign/vec4 v000001e6fe4b0f90_0, 0;
    %jmp T_0.6;
T_0.6 ;
    %pop/vec4 1;
T_0.1 ;
    %jmp T_0;
    .thread T_0;
    .scope S_000001e6fe4829c0;
T_1 ;
    %pushi/vec4 0, 0, 1;
    %store/vec4 v000001e6fe4b1170_0, 0, 1;
    %pushi/vec4 0, 0, 1;
    %store/vec4 v000001e6fe4b1b60_0, 0, 1;
    %pushi/vec4 0, 0, 1;
    %store/vec4 v000001e6fe4b1ac0_0, 0, 1;
    %pushi/vec4 0, 0, 1;
    %store/vec4 v000001e6fe4b10d0_0, 0, 1;
    %pushi/vec4 0, 0, 4;
    %store/vec4 v000001e6fe4b1210_0, 0, 4;
    %pushi/vec4 0, 0, 2;
    %store/vec4 v000001e6fe4b1ca0_0, 0, 2;
    %end;
    .thread T_1;
    .scope S_000001e6fe4829c0;
T_2 ;
    %vpi_call 2 29 "$monitor", $time, "\011DSR=%b,DSL=%b,S=%b,D=%b,Q=%b", v000001e6fe4b1b60_0, v000001e6fe4b1ac0_0, v000001e6fe4b1ca0_0, v000001e6fe4b1210_0, v000001e6fe4b1c00_0 {0 0 0};
    %end;
    .thread T_2;
    .scope S_000001e6fe4829c0;
T_3 ;
    %pushi/vec4 0, 0, 1;
    %store/vec4 v000001e6fe4b10d0_0, 0, 1;
    %end;
    .thread T_3;
    .scope S_000001e6fe4829c0;
T_4 ;
    %delay 1000, 0;
    %load/vec4 v000001e6fe4b10d0_0;
    %inv;
    %store/vec4 v000001e6fe4b10d0_0, 0, 1;
    %jmp T_4;
    .thread T_4;
    .scope S_000001e6fe4829c0;
T_5 ;
    %vpi_call 2 38 "$dumpfile", "x74194.vcd" {0 0 0};
    %vpi_call 2 39 "$dumpvars", 32'sb00000000000000000000000000000000, S_000001e6fe482b50, v000001e6fe4b1170_0, v000001e6fe4b1b60_0, v000001e6fe4b1ac0_0, v000001e6fe4b10d0_0, v000001e6fe4b1210_0, v000001e6fe4b1ca0_0, v000001e6fe4b1c00_0 {0 0 0};
    %pushi/vec4 1, 0, 1;
    %store/vec4 v000001e6fe4b1170_0, 0, 1;
    %pushi/vec4 3, 0, 2;
    %store/vec4 v000001e6fe4b1ca0_0, 0, 2;
    %pushi/vec4 0, 0, 1;
    %store/vec4 v000001e6fe4b1b60_0, 0, 1;
    %pushi/vec4 0, 0, 1;
    %store/vec4 v000001e6fe4b1ac0_0, 0, 1;
    %pushi/vec4 15, 0, 4;
    %store/vec4 v000001e6fe4b1210_0, 0, 4;
    %delay 2000, 0;
    %pushi/vec4 0, 0, 1;
    %store/vec4 v000001e6fe4b1170_0, 0, 1;
    %pushi/vec4 3, 0, 2;
    %store/vec4 v000001e6fe4b1ca0_0, 0, 2;
    %pushi/vec4 0, 0, 1;
    %store/vec4 v000001e6fe4b1b60_0, 0, 1;
    %pushi/vec4 0, 0, 1;
    %store/vec4 v000001e6fe4b1ac0_0, 0, 1;
    %pushi/vec4 15, 0, 4;
    %store/vec4 v000001e6fe4b1210_0, 0, 4;
    %delay 2000, 0;
    %pushi/vec4 1, 0, 1;
    %store/vec4 v000001e6fe4b1170_0, 0, 1;
    %pushi/vec4 1, 0, 2;
    %store/vec4 v000001e6fe4b1ca0_0, 0, 2;
    %pushi/vec4 1, 0, 1;
    %store/vec4 v000001e6fe4b1b60_0, 0, 1;
    %pushi/vec4 0, 0, 1;
    %store/vec4 v000001e6fe4b1ac0_0, 0, 1;
    %pushi/vec4 15, 0, 4;
    %store/vec4 v000001e6fe4b1210_0, 0, 4;
    %delay 2000, 0;
    %pushi/vec4 1, 0, 1;
    %store/vec4 v000001e6fe4b1170_0, 0, 1;
    %pushi/vec4 1, 0, 2;
    %store/vec4 v000001e6fe4b1ca0_0, 0, 2;
    %pushi/vec4 1, 0, 1;
    %store/vec4 v000001e6fe4b1b60_0, 0, 1;
    %pushi/vec4 0, 0, 1;
    %store/vec4 v000001e6fe4b1ac0_0, 0, 1;
    %pushi/vec4 15, 0, 4;
    %store/vec4 v000001e6fe4b1210_0, 0, 4;
    %delay 2000, 0;
    %pushi/vec4 1, 0, 1;
    %store/vec4 v000001e6fe4b1170_0, 0, 1;
    %pushi/vec4 1, 0, 2;
    %store/vec4 v000001e6fe4b1ca0_0, 0, 2;
    %pushi/vec4 0, 0, 1;
    %store/vec4 v000001e6fe4b1b60_0, 0, 1;
    %pushi/vec4 0, 0, 1;
    %store/vec4 v000001e6fe4b1ac0_0, 0, 1;
    %pushi/vec4 15, 0, 4;
    %store/vec4 v000001e6fe4b1210_0, 0, 4;
    %delay 2000, 0;
    %pushi/vec4 1, 0, 1;
    %store/vec4 v000001e6fe4b1170_0, 0, 1;
    %pushi/vec4 1, 0, 2;
    %store/vec4 v000001e6fe4b1ca0_0, 0, 2;
    %pushi/vec4 0, 0, 1;
    %store/vec4 v000001e6fe4b1b60_0, 0, 1;
    %pushi/vec4 0, 0, 1;
    %store/vec4 v000001e6fe4b1ac0_0, 0, 1;
    %pushi/vec4 15, 0, 4;
    %store/vec4 v000001e6fe4b1210_0, 0, 4;
    %delay 2000, 0;
    %pushi/vec4 0, 0, 1;
    %store/vec4 v000001e6fe4b1170_0, 0, 1;
    %pushi/vec4 3, 0, 2;
    %store/vec4 v000001e6fe4b1ca0_0, 0, 2;
    %pushi/vec4 0, 0, 1;
    %store/vec4 v000001e6fe4b1b60_0, 0, 1;
    %pushi/vec4 0, 0, 1;
    %store/vec4 v000001e6fe4b1ac0_0, 0, 1;
    %pushi/vec4 15, 0, 4;
    %store/vec4 v000001e6fe4b1210_0, 0, 4;
    %delay 2000, 0;
    %pushi/vec4 1, 0, 1;
    %store/vec4 v000001e6fe4b1170_0, 0, 1;
    %pushi/vec4 2, 0, 2;
    %store/vec4 v000001e6fe4b1ca0_0, 0, 2;
    %pushi/vec4 0, 0, 1;
    %store/vec4 v000001e6fe4b1b60_0, 0, 1;
    %pushi/vec4 1, 0, 1;
    %store/vec4 v000001e6fe4b1ac0_0, 0, 1;
    %pushi/vec4 15, 0, 4;
    %store/vec4 v000001e6fe4b1210_0, 0, 4;
    %delay 2000, 0;
    %pushi/vec4 1, 0, 1;
    %store/vec4 v000001e6fe4b1170_0, 0, 1;
    %pushi/vec4 2, 0, 2;
    %store/vec4 v000001e6fe4b1ca0_0, 0, 2;
    %pushi/vec4 0, 0, 1;
    %store/vec4 v000001e6fe4b1b60_0, 0, 1;
    %pushi/vec4 1, 0, 1;
    %store/vec4 v000001e6fe4b1ac0_0, 0, 1;
    %pushi/vec4 15, 0, 4;
    %store/vec4 v000001e6fe4b1210_0, 0, 4;
    %delay 2000, 0;
    %pushi/vec4 1, 0, 1;
    %store/vec4 v000001e6fe4b1170_0, 0, 1;
    %pushi/vec4 2, 0, 2;
    %store/vec4 v000001e6fe4b1ca0_0, 0, 2;
    %pushi/vec4 0, 0, 1;
    %store/vec4 v000001e6fe4b1b60_0, 0, 1;
    %pushi/vec4 0, 0, 1;
    %store/vec4 v000001e6fe4b1ac0_0, 0, 1;
    %pushi/vec4 15, 0, 4;
    %store/vec4 v000001e6fe4b1210_0, 0, 4;
    %delay 2000, 0;
    %pushi/vec4 1, 0, 1;
    %store/vec4 v000001e6fe4b1170_0, 0, 1;
    %pushi/vec4 2, 0, 2;
    %store/vec4 v000001e6fe4b1ca0_0, 0, 2;
    %pushi/vec4 0, 0, 1;
    %store/vec4 v000001e6fe4b1b60_0, 0, 1;
    %pushi/vec4 0, 0, 1;
    %store/vec4 v000001e6fe4b1ac0_0, 0, 1;
    %pushi/vec4 15, 0, 4;
    %store/vec4 v000001e6fe4b1210_0, 0, 4;
    %delay 2000, 0;
    %vpi_call 2 73 "$finish" {0 0 0};
    %end;
    .thread T_5;
# The file index is used to find the file name in the following table.
:file_names 4;
    "N/A";
    "<interactive>";
    "x74194_tb.v";
    "./x74194.v";
