#! /c/Source/iverilog-install/bin/vvp
:ivl_version "12.0 (devel)" "(s20150603-1539-g2693dd32b)";
:ivl_delay_selection "TYPICAL";
:vpi_time_precision + 0;
:vpi_module "D:\iverilog\lib\ivl\system.vpi";
:vpi_module "D:\iverilog\lib\ivl\vhdl_sys.vpi";
:vpi_module "D:\iverilog\lib\ivl\vhdl_textio.vpi";
:vpi_module "D:\iverilog\lib\ivl\v2005_math.vpi";
:vpi_module "D:\iverilog\lib\ivl\va_math.vpi";
S_000002106f7c2ad0 .scope module, "x74194" "x74194" 2 1;
 .timescale 0 0;
    .port_info 0 /INPUT 1 "CR";
    .port_info 1 /INPUT 2 "S";
    .port_info 2 /INPUT 1 "DSR";
    .port_info 3 /INPUT 1 "DSL";
    .port_info 4 /INPUT 1 "CP";
    .port_info 5 /INPUT 4 "D";
    .port_info 6 /OUTPUT 4 "Q";
o000002106f7f6fd8 .functor BUFZ 1, C4<z>; HiZ drive
v000002106f7c2ce0_0 .net "CP", 0 0, o000002106f7f6fd8;  0 drivers
o000002106f7f7008 .functor BUFZ 1, C4<z>; HiZ drive
v000002106f7c2d80_0 .net "CR", 0 0, o000002106f7f7008;  0 drivers
o000002106f7f7038 .functor BUFZ 4, C4<zzzz>; HiZ drive
v000002106f7ab8d0_0 .net "D", 3 0, o000002106f7f7038;  0 drivers
o000002106f7f7068 .functor BUFZ 1, C4<z>; HiZ drive
v000002106f7ab970_0 .net "DSL", 0 0, o000002106f7f7068;  0 drivers
o000002106f7f7098 .functor BUFZ 1, C4<z>; HiZ drive
v000002106f7aba10_0 .net "DSR", 0 0, o000002106f7f7098;  0 drivers
v000002106f7abab0_0 .var "Q", 3 0;
o000002106f7f70f8 .functor BUFZ 2, C4<zz>; HiZ drive
v000002106f7abb50_0 .net "S", 1 0, o000002106f7f70f8;  0 drivers
E_000002106f7ac8b0/0 .event negedge, v000002106f7c2d80_0;
E_000002106f7ac8b0/1 .event posedge, v000002106f7c2ce0_0;
E_000002106f7ac8b0 .event/or E_000002106f7ac8b0/0, E_000002106f7ac8b0/1;
    .scope S_000002106f7c2ad0;
T_0 ;
    %wait E_000002106f7ac8b0;
    %load/vec4 v000002106f7c2d80_0;
    %inv;
    %flag_set/vec4 8;
    %jmp/0xz  T_0.0, 8;
    %pushi/vec4 15, 0, 4;
    %assign/vec4 v000002106f7abab0_0, 0;
    %jmp T_0.1;
T_0.0 ;
    %load/vec4 v000002106f7abb50_0;
    %dup/vec4;
    %pushi/vec4 0, 0, 2;
    %cmp/u;
    %jmp/1 T_0.2, 6;
    %dup/vec4;
    %pushi/vec4 1, 0, 2;
    %cmp/u;
    %jmp/1 T_0.3, 6;
    %dup/vec4;
    %pushi/vec4 2, 0, 2;
    %cmp/u;
    %jmp/1 T_0.4, 6;
    %dup/vec4;
    %pushi/vec4 3, 0, 2;
    %cmp/u;
    %jmp/1 T_0.5, 6;
    %jmp T_0.6;
T_0.2 ;
    %load/vec4 v000002106f7ab8d0_0;
    %assign/vec4 v000002106f7abab0_0, 0;
    %jmp T_0.6;
T_0.3 ;
    %load/vec4 v000002106f7abab0_0;
    %ix/load 4, 1, 0;
    %flag_set/imm 4, 0;
    %shiftl 4;
    %assign/vec4 v000002106f7abab0_0, 0;
    %jmp T_0.6;
T_0.4 ;
    %load/vec4 v000002106f7abab0_0;
    %ix/load 4, 1, 0;
    %flag_set/imm 4, 0;
    %shiftr 4;
    %assign/vec4 v000002106f7abab0_0, 0;
    %jmp T_0.6;
T_0.5 ;
    %pushi/vec4 0, 0, 4;
    %assign/vec4 v000002106f7abab0_0, 0;
    %jmp T_0.6;
T_0.6 ;
    %pop/vec4 1;
T_0.1 ;
    %jmp T_0;
    .thread T_0;
# The file index is used to find the file name in the following table.
:file_names 3;
    "N/A";
    "<interactive>";
    "x74194.v";
