#! /c/Source/iverilog-install/bin/vvp
:ivl_version "12.0 (devel)" "(s20150603-1539-g2693dd32b)";
:ivl_delay_selection "TYPICAL";
:vpi_time_precision + 0;
:vpi_module "D:\iverilog\lib\ivl\system.vpi";
:vpi_module "D:\iverilog\lib\ivl\vhdl_sys.vpi";
:vpi_module "D:\iverilog\lib\ivl\vhdl_textio.vpi";
:vpi_module "D:\iverilog\lib\ivl\v2005_math.vpi";
:vpi_module "D:\iverilog\lib\ivl\va_math.vpi";
S_0000019c64e129c0 .scope module, "x74138" "x74138" 2 1;
 .timescale 0 0;
    .port_info 0 /INPUT 3 "En";
    .port_info 1 /INPUT 3 "I";
    .port_info 2 /OUTPUT 8 "O";
L_0000019c64e12dd0 .functor NOT 8, L_0000019c64f8e620, C4<00000000>, C4<00000000>, C4<00000000>;
o0000019c64e46fb8 .functor BUFZ 3, C4<zzz>; HiZ drive
v0000019c64e12b50_0 .net "En", 2 0, o0000019c64e46fb8;  0 drivers
o0000019c64e46fe8 .functor BUFZ 3, C4<zzz>; HiZ drive
v0000019c64e12bf0_0 .net "I", 2 0, o0000019c64e46fe8;  0 drivers
v0000019c64e12c90_0 .net "O", 7 0, L_0000019c64e41c60;  1 drivers
L_0000019c64e8fc28 .functor BUFT 1, C4<100>, C4<0>, C4<0>, C4<0>;
v0000019c64e12d30_0 .net/2u *"_ivl_0", 2 0, L_0000019c64e8fc28;  1 drivers
L_0000019c64e8fcb8 .functor BUFT 1, C4<11111111>, C4<0>, C4<0>, C4<0>;
v0000019c64f8e1d0_0 .net/2u *"_ivl_10", 7 0, L_0000019c64e8fcb8;  1 drivers
v0000019c64f8e270_0 .net *"_ivl_2", 0 0, L_0000019c64f8e580;  1 drivers
L_0000019c64e8fc70 .functor BUFT 1, C4<00000001>, C4<0>, C4<0>, C4<0>;
v0000019c64f8e310_0 .net/2u *"_ivl_4", 7 0, L_0000019c64e8fc70;  1 drivers
v0000019c64f8e3b0_0 .net *"_ivl_6", 7 0, L_0000019c64f8e620;  1 drivers
v0000019c64f8e450_0 .net *"_ivl_8", 7 0, L_0000019c64e12dd0;  1 drivers
L_0000019c64f8e580 .cmp/eq 3, o0000019c64e46fb8, L_0000019c64e8fc28;
L_0000019c64f8e620 .shift/l 8, L_0000019c64e8fc70, o0000019c64e46fe8;
L_0000019c64e41c60 .functor MUXZ 8, L_0000019c64e8fcb8, L_0000019c64e12dd0, L_0000019c64f8e580, C4<>;
# The file index is used to find the file name in the following table.
:file_names 3;
    "N/A";
    "<interactive>";
    "x74138.v";
