#! /c/Source/iverilog-install/bin/vvp
:ivl_version "12.0 (devel)" "(s20150603-1539-g2693dd32b)";
:ivl_delay_selection "TYPICAL";
:vpi_time_precision - 12;
:vpi_module "D:\iverilog\lib\ivl\system.vpi";
:vpi_module "D:\iverilog\lib\ivl\vhdl_sys.vpi";
:vpi_module "D:\iverilog\lib\ivl\vhdl_textio.vpi";
:vpi_module "D:\iverilog\lib\ivl\v2005_math.vpi";
:vpi_module "D:\iverilog\lib\ivl\va_math.vpi";
S_000001837e63b1b0 .scope module, "tb_x74138" "tb_x74138" 2 5;
 .timescale -9 -12;
v000001837e684000_0 .var "En", 2 0;
v000001837e6840a0_0 .var "I", 2 0;
v000001837e6d77a0_0 .net "O", 7 0, L_000001837e6d75c0;  1 drivers
S_000001837e6529c0 .scope module, "u_x74138" "x74138" 2 14, 3 1 0, S_000001837e63b1b0;
 .timescale -9 -12;
    .port_info 0 /INPUT 3 "En";
    .port_info 1 /INPUT 3 "I";
    .port_info 2 /OUTPUT 8 "O";
L_000001837e68a730 .functor NOT 8, L_000001837e6d73e0, C4<00000000>, C4<00000000>, C4<00000000>;
v000001837e63b340_0 .net "En", 2 0, v000001837e684000_0;  1 drivers
v000001837e639fe0_0 .net "I", 2 0, v000001837e6840a0_0;  1 drivers
v000001837e652b50_0 .net "O", 7 0, L_000001837e6d75c0;  alias, 1 drivers
L_000001837e6d7868 .functor BUFT 1, C4<100>, C4<0>, C4<0>, C4<0>;
v000001837e652bf0_0 .net/2u *"_ivl_0", 2 0, L_000001837e6d7868;  1 drivers
L_000001837e6d78f8 .functor BUFT 1, C4<11111111>, C4<0>, C4<0>, C4<0>;
v000001837e652c90_0 .net/2u *"_ivl_10", 7 0, L_000001837e6d78f8;  1 drivers
v000001837e652d30_0 .net *"_ivl_2", 0 0, L_000001837e6d6940;  1 drivers
L_000001837e6d78b0 .functor BUFT 1, C4<00000001>, C4<0>, C4<0>, C4<0>;
v000001837e683e20_0 .net/2u *"_ivl_4", 7 0, L_000001837e6d78b0;  1 drivers
v000001837e683ec0_0 .net *"_ivl_6", 7 0, L_000001837e6d73e0;  1 drivers
v000001837e683f60_0 .net *"_ivl_8", 7 0, L_000001837e68a730;  1 drivers
L_000001837e6d6940 .cmp/eq 3, v000001837e684000_0, L_000001837e6d7868;
L_000001837e6d73e0 .shift/l 8, L_000001837e6d78b0, v000001837e6840a0_0;
L_000001837e6d75c0 .functor MUXZ 8, L_000001837e6d78f8, L_000001837e68a730, L_000001837e6d6940, C4<>;
    .scope S_000001837e63b1b0;
T_0 ;
    %pushi/vec4 0, 0, 3;
    %store/vec4 v000001837e684000_0, 0, 3;
    %pushi/vec4 0, 0, 3;
    %store/vec4 v000001837e6840a0_0, 0, 3;
    %end;
    .thread T_0;
    .scope S_000001837e63b1b0;
T_1 ;
    %vpi_call 2 22 "$monitor", $time, "En=%b, I=%b, O=%b", v000001837e684000_0, v000001837e6840a0_0, v000001837e6d77a0_0 {0 0 0};
    %end;
    .thread T_1;
    .scope S_000001837e63b1b0;
T_2 ;
    %vpi_call 2 25 "$dumpfile", "x74138.vcd" {0 0 0};
    %vpi_call 2 26 "$dumpvars", 32'sb00000000000000000000000000000000, S_000001837e6529c0, v000001837e684000_0, v000001837e6840a0_0, v000001837e6d77a0_0 {0 0 0};
    %pushi/vec4 2, 0, 3;
    %store/vec4 v000001837e684000_0, 0, 3;
    %pushi/vec4 0, 0, 3;
    %store/vec4 v000001837e6840a0_0, 0, 3;
    %delay 1000, 0;
    %pushi/vec4 1, 0, 3;
    %store/vec4 v000001837e684000_0, 0, 3;
    %pushi/vec4 0, 0, 3;
    %store/vec4 v000001837e6840a0_0, 0, 3;
    %delay 1000, 0;
    %pushi/vec4 0, 0, 3;
    %store/vec4 v000001837e684000_0, 0, 3;
    %pushi/vec4 0, 0, 3;
    %store/vec4 v000001837e6840a0_0, 0, 3;
    %delay 1000, 0;
    %pushi/vec4 4, 0, 3;
    %store/vec4 v000001837e684000_0, 0, 3;
    %pushi/vec4 0, 0, 3;
    %store/vec4 v000001837e6840a0_0, 0, 3;
    %delay 1000, 0;
    %pushi/vec4 4, 0, 3;
    %store/vec4 v000001837e684000_0, 0, 3;
    %pushi/vec4 1, 0, 3;
    %store/vec4 v000001837e6840a0_0, 0, 3;
    %delay 1000, 0;
    %pushi/vec4 4, 0, 3;
    %store/vec4 v000001837e684000_0, 0, 3;
    %pushi/vec4 2, 0, 3;
    %store/vec4 v000001837e6840a0_0, 0, 3;
    %delay 1000, 0;
    %pushi/vec4 4, 0, 3;
    %store/vec4 v000001837e684000_0, 0, 3;
    %pushi/vec4 3, 0, 3;
    %store/vec4 v000001837e6840a0_0, 0, 3;
    %delay 1000, 0;
    %pushi/vec4 4, 0, 3;
    %store/vec4 v000001837e684000_0, 0, 3;
    %pushi/vec4 4, 0, 3;
    %store/vec4 v000001837e6840a0_0, 0, 3;
    %delay 1000, 0;
    %pushi/vec4 4, 0, 3;
    %store/vec4 v000001837e684000_0, 0, 3;
    %pushi/vec4 5, 0, 3;
    %store/vec4 v000001837e6840a0_0, 0, 3;
    %delay 1000, 0;
    %pushi/vec4 4, 0, 3;
    %store/vec4 v000001837e684000_0, 0, 3;
    %pushi/vec4 6, 0, 3;
    %store/vec4 v000001837e6840a0_0, 0, 3;
    %delay 1000, 0;
    %pushi/vec4 4, 0, 3;
    %store/vec4 v000001837e684000_0, 0, 3;
    %pushi/vec4 7, 0, 3;
    %store/vec4 v000001837e6840a0_0, 0, 3;
    %delay 1000, 0;
    %vpi_call 2 49 "$finish" {0 0 0};
    %end;
    .thread T_2;
# The file index is used to find the file name in the following table.
:file_names 4;
    "N/A";
    "<interactive>";
    "x74138_tb.v";
    "./x74138.v";
