#! /c/Source/iverilog-install/bin/vvp
:ivl_version "12.0 (devel)" "(s20150603-1539-g2693dd32b)";
:ivl_delay_selection "TYPICAL";
:vpi_time_precision + 0;
:vpi_module "D:\iverilog\lib\ivl\system.vpi";
:vpi_module "D:\iverilog\lib\ivl\vhdl_sys.vpi";
:vpi_module "D:\iverilog\lib\ivl\vhdl_textio.vpi";
:vpi_module "D:\iverilog\lib\ivl\v2005_math.vpi";
:vpi_module "D:\iverilog\lib\ivl\va_math.vpi";
S_000002e16cf42ad0 .scope module, "x74283" "x74283" 2 1;
 .timescale 0 0;
    .port_info 0 /INPUT 1 "C_1";
    .port_info 1 /INPUT 4 "A";
    .port_info 2 /INPUT 4 "B";
    .port_info 3 /OUTPUT 1 "CO";
    .port_info 4 /OUTPUT 4 "S";
o000002e16cf79438 .functor BUFZ 4, C4<zzzz>; HiZ drive
o000002e16cf79468 .functor BUFZ 4, C4<zzzz>; HiZ drive
L_000002e16cfcea10 .functor XOR 4, o000002e16cf79438, o000002e16cf79468, C4<0000>, C4<0000>;
L_000002e16cfce850 .functor AND 4, o000002e16cf79438, o000002e16cf79468, C4<1111>, C4<1111>;
o000002e16cf794f8 .functor BUFZ 1, C4<z>; HiZ drive
L_000002e16cfce5b0 .functor AND 1, L_000002e16cfc5760, o000002e16cf794f8, C4<1>, C4<1>;
L_000002e16cfcea80 .functor OR 1, L_000002e16cfc56c0, L_000002e16cfce5b0, C4<0>, C4<0>;
L_000002e16cfceb60 .functor XOR 1, L_000002e16cfd2dc0, o000002e16cf794f8, C4<0>, C4<0>;
v000002e16cfc4a40_0 .net "A", 3 0, o000002e16cf79438;  0 drivers
v000002e16cfc4fe0_0 .net "B", 3 0, o000002e16cf79468;  0 drivers
v000002e16cfc4900_0 .net "C", 3 0, L_000002e16cfc5620;  1 drivers
v000002e16cfc42c0_0 .net "CO", 0 0, L_000002e16cfd1ba0;  1 drivers
v000002e16cfc4040_0 .net "C_1", 0 0, o000002e16cf794f8;  0 drivers
v000002e16cfc4360_0 .net "G", 3 0, L_000002e16cfce850;  1 drivers
v000002e16cfc49a0_0 .net "P", 3 0, L_000002e16cfcea10;  1 drivers
v000002e16cfc5580_0 .net "S", 3 0, L_000002e16cfd2e60;  1 drivers
v000002e16cfc40e0_0 .net *"_ivl_35", 0 0, L_000002e16cfc56c0;  1 drivers
v000002e16cfc4ea0_0 .net *"_ivl_37", 0 0, L_000002e16cfc5760;  1 drivers
v000002e16cfc5120_0 .net *"_ivl_38", 0 0, L_000002e16cfce5b0;  1 drivers
v000002e16cfc4c20_0 .net *"_ivl_40", 0 0, L_000002e16cfcea80;  1 drivers
v000002e16cfc3d20_0 .net *"_ivl_48", 0 0, L_000002e16cfd2dc0;  1 drivers
v000002e16cfc4cc0_0 .net *"_ivl_49", 0 0, L_000002e16cfceb60;  1 drivers
L_000002e16cfc4f40 .part L_000002e16cfce850, 1, 1;
L_000002e16cfc3dc0 .part L_000002e16cfcea10, 1, 1;
L_000002e16cfc5080 .part L_000002e16cfc5620, 0, 1;
L_000002e16cfc4860 .part L_000002e16cfce850, 2, 1;
L_000002e16cfc51c0 .part L_000002e16cfcea10, 2, 1;
L_000002e16cfc4540 .part L_000002e16cfc5620, 1, 1;
L_000002e16cfc45e0 .part L_000002e16cfce850, 3, 1;
L_000002e16cfc4220 .part L_000002e16cfcea10, 3, 1;
L_000002e16cfc4400 .part L_000002e16cfc5620, 2, 1;
L_000002e16cfc5800 .part L_000002e16cfcea10, 1, 1;
L_000002e16cfc44a0 .part L_000002e16cfc5620, 0, 1;
L_000002e16cfc5260 .part L_000002e16cfcea10, 2, 1;
L_000002e16cfc58a0 .part L_000002e16cfc5620, 1, 1;
L_000002e16cfc4680 .part L_000002e16cfcea10, 3, 1;
L_000002e16cfc53a0 .part L_000002e16cfc5620, 2, 1;
L_000002e16cfc5620 .concat8 [ 1 1 1 1], L_000002e16cfcea80, L_000002e16cf431e0, L_000002e16cfce930, L_000002e16cfcec40;
L_000002e16cfc56c0 .part L_000002e16cfce850, 0, 1;
L_000002e16cfc5760 .part L_000002e16cfcea10, 0, 1;
L_000002e16cfd1ba0 .part L_000002e16cfc5620, 3, 1;
L_000002e16cfd2e60 .concat8 [ 1 1 1 1], L_000002e16cfceb60, L_000002e16cfce770, L_000002e16cfceaf0, L_000002e16cfce9a0;
L_000002e16cfd2dc0 .part L_000002e16cfcea10, 0, 1;
S_000002e16cf42c60 .scope generate, "genblk1[1]" "genblk1[1]" 2 22, 2 22 0, S_000002e16cf42ad0;
 .timescale 0 0;
P_000002e16cf6d190 .param/l "i" 0 2 22, +C4<01>;
L_000002e16cf42df0 .functor AND 1, L_000002e16cfc3dc0, L_000002e16cfc5080, C4<1>, C4<1>;
L_000002e16cf431e0 .functor OR 1, L_000002e16cfc4f40, L_000002e16cf42df0, C4<0>, C4<0>;
v000002e16cf68960_0 .net *"_ivl_0", 0 0, L_000002e16cfc4f40;  1 drivers
v000002e16cf67ec0_0 .net *"_ivl_1", 0 0, L_000002e16cfc3dc0;  1 drivers
v000002e16cf68aa0_0 .net *"_ivl_2", 0 0, L_000002e16cfc5080;  1 drivers
v000002e16cf68b40_0 .net *"_ivl_3", 0 0, L_000002e16cf42df0;  1 drivers
v000002e16cf68be0_0 .net *"_ivl_5", 0 0, L_000002e16cf431e0;  1 drivers
S_000002e16cf741f0 .scope generate, "genblk1[2]" "genblk1[2]" 2 22, 2 22 0, S_000002e16cf42ad0;
 .timescale 0 0;
P_000002e16cf6d650 .param/l "i" 0 2 22, +C4<010>;
L_000002e16cfce8c0 .functor AND 1, L_000002e16cfc51c0, L_000002e16cfc4540, C4<1>, C4<1>;
L_000002e16cfce930 .functor OR 1, L_000002e16cfc4860, L_000002e16cfce8c0, C4<0>, C4<0>;
v000002e16cf67e20_0 .net *"_ivl_0", 0 0, L_000002e16cfc4860;  1 drivers
v000002e16cfc5b20_0 .net *"_ivl_1", 0 0, L_000002e16cfc51c0;  1 drivers
v000002e16cfc59e0_0 .net *"_ivl_2", 0 0, L_000002e16cfc4540;  1 drivers
v000002e16cfc5440_0 .net *"_ivl_3", 0 0, L_000002e16cfce8c0;  1 drivers
v000002e16cfc3e60_0 .net *"_ivl_5", 0 0, L_000002e16cfce930;  1 drivers
S_000002e16cf74380 .scope generate, "genblk1[3]" "genblk1[3]" 2 22, 2 22 0, S_000002e16cf42ad0;
 .timescale 0 0;
P_000002e16cf6cfd0 .param/l "i" 0 2 22, +C4<011>;
L_000002e16cfcebd0 .functor AND 1, L_000002e16cfc4220, L_000002e16cfc4400, C4<1>, C4<1>;
L_000002e16cfcec40 .functor OR 1, L_000002e16cfc45e0, L_000002e16cfcebd0, C4<0>, C4<0>;
v000002e16cfc5a80_0 .net *"_ivl_0", 0 0, L_000002e16cfc45e0;  1 drivers
v000002e16cfc3c80_0 .net *"_ivl_1", 0 0, L_000002e16cfc4220;  1 drivers
v000002e16cfc4ae0_0 .net *"_ivl_2", 0 0, L_000002e16cfc4400;  1 drivers
v000002e16cfc3f00_0 .net *"_ivl_3", 0 0, L_000002e16cfcebd0;  1 drivers
v000002e16cfc4180_0 .net *"_ivl_5", 0 0, L_000002e16cfcec40;  1 drivers
S_000002e16cf74510 .scope generate, "genblk2[1]" "genblk2[1]" 2 30, 2 30 0, S_000002e16cf42ad0;
 .timescale 0 0;
P_000002e16cf6d010 .param/l "i" 0 2 30, +C4<01>;
L_000002e16cfce770 .functor XOR 1, L_000002e16cfc5800, L_000002e16cfc44a0, C4<0>, C4<0>;
v000002e16cfc4b80_0 .net *"_ivl_0", 0 0, L_000002e16cfc5800;  1 drivers
v000002e16cfc4d60_0 .net *"_ivl_1", 0 0, L_000002e16cfc44a0;  1 drivers
v000002e16cfc54e0_0 .net *"_ivl_2", 0 0, L_000002e16cfce770;  1 drivers
S_000002e16cf746a0 .scope generate, "genblk2[2]" "genblk2[2]" 2 30, 2 30 0, S_000002e16cf42ad0;
 .timescale 0 0;
P_000002e16cf6d450 .param/l "i" 0 2 30, +C4<010>;
L_000002e16cfceaf0 .functor XOR 1, L_000002e16cfc5260, L_000002e16cfc58a0, C4<0>, C4<0>;
v000002e16cfc4720_0 .net *"_ivl_0", 0 0, L_000002e16cfc5260;  1 drivers
v000002e16cfc5940_0 .net *"_ivl_1", 0 0, L_000002e16cfc58a0;  1 drivers
v000002e16cfc47c0_0 .net *"_ivl_2", 0 0, L_000002e16cfceaf0;  1 drivers
S_000002e16cf74c40 .scope generate, "genblk2[3]" "genblk2[3]" 2 30, 2 30 0, S_000002e16cf42ad0;
 .timescale 0 0;
P_000002e16cf6d490 .param/l "i" 0 2 30, +C4<011>;
L_000002e16cfce9a0 .functor XOR 1, L_000002e16cfc4680, L_000002e16cfc53a0, C4<0>, C4<0>;
v000002e16cfc4e00_0 .net *"_ivl_0", 0 0, L_000002e16cfc4680;  1 drivers
v000002e16cfc3fa0_0 .net *"_ivl_1", 0 0, L_000002e16cfc53a0;  1 drivers
v000002e16cfc5300_0 .net *"_ivl_2", 0 0, L_000002e16cfce9a0;  1 drivers
# The file index is used to find the file name in the following table.
:file_names 3;
    "N/A";
    "<interactive>";
    "x74283.v";
